<?xml version="1.0" encoding="UTF-8"?>
<!-- Generated by org.testng.reporters.JUnitXMLReporter -->
<testsuite ignored="0" hostname="Desktop-Monitor-2nd-Floor-Room3" failures="0" tests="3" name="Test(failed)" time="0.081" errors="0" timestamp="2024-03-16T12:36:23 IST">
  <testcase classname="com.actitime.testscript.CustomerModule" name="modifyCustomer" time="0.008"/>
  <testcase classname="com.actitime.testscript.CustomerModule" name="createCustomer" time="0.003"/>
  <testcase classname="com.actitime.testscript.CustomerModule" name="deleteCustomer" time="0.002"/>
</testsuite> <!-- Test(failed) -->
