<?xml version="1.0" encoding="UTF-8"?>
<!-- Generated by org.testng.reporters.JUnitXMLReporter -->
<testsuite ignored="1" hostname="Desktop-Monitor-2nd-Floor-Room3" failures="0" tests="2" name="Test" time="0.18" errors="0" timestamp="2024-03-17T11:32:32 IST">
  <testcase classname="com.actitime.testscript.CustomerModule" name="createCustomer" time="0.01"/>
  <testcase classname="com.actitime.testscript.CustomerModule" name="modifyCustomer" time="0.001"/>
  <testcase classname="com.actitime.testscript.CustomerModule" name="deleteCustomer" time="0.0">
    <ignored/>
  </testcase> <!-- deleteCustomer -->
</testsuite> <!-- Test -->
